[0.220s] Invoking command in '/home/rhobtor/Unity/J8_unity/build/com': /opt/st/stm32cubeclt_1.18.0/CMake/bin/cmake --build /home/rhobtor/Unity/J8_unity/build/com -- -j16 -l16
[0.918s] [ 50%] [32mBuilding CXX object CMakeFiles/COMIntegration.dir/COMIntegration.cpp.o[0m
[0.918s] [01m[K/home/rhobtor/Unity/J8_unity/src/TFG_KDN_UnityROS2/Unity-ROS2-Project/Library/PackageCache/com.unity.ide.visualstudio@2.0.22/Editor/COMIntegration/COMIntegration~/COMIntegration.cpp:11:10:[m[K [01;31m[Kfatal error: [m[Kwindows.h: No such file or directory
[0.918s]    11 | #include [01;31m[K<windows.h>[m[K
[0.918s]       |          [01;31m[K^~~~~~~~~~~[m[K
[0.918s] compilation terminated.
[0.918s] gmake[2]: *** [CMakeFiles/COMIntegration.dir/build.make:76: CMakeFiles/COMIntegration.dir/COMIntegration.cpp.o] Error 1
[0.918s] gmake[1]: *** [CMakeFiles/Makefile2:83: CMakeFiles/COMIntegration.dir/all] Error 2
[0.918s] gmake: *** [Makefile:91: all] Error 2
[1.089s] Invoked command in '/home/rhobtor/Unity/J8_unity/build/com' returned '2': /opt/st/stm32cubeclt_1.18.0/CMake/bin/cmake --build /home/rhobtor/Unity/J8_unity/build/com -- -j16 -l16
